
P A U P *
Version 4.0a (build 165) for 32-bit Microsoft Windows (built on Apr  1 2019 at 23:04:01)
Wed Jul 03 09:28:19 2019


Processing TREES block from file:
D:\Documents\HigherEducation\PhD\Pardo\MajorityRuleIslands\WeightedMJ\FirstIslandWeights.tre
  Keeping: trees from file (replacing any trees already in memory)
  18 trees read from file

  Time used = 0.01 sec (CPU time = 0.00 sec)

Processing TREES block from file:
D:\Documents\HigherEducation\PhD\Pardo\MajorityRuleIslands\WeightedMJ\SecondIslandWeights.tre
  Keeping: trees in memory plus trees from file
  18 trees originally in memory
  72 trees read from file
  72 trees from file kept
  90 trees now in memory

  Time used = 0.00 sec (CPU time = 0.00 sec)

Processing TREES block from file:
D:\Documents\HigherEducation\PhD\Pardo\MajorityRuleIslands\WeightedMJ\ThirdIslandWeights.tre
  Keeping: trees in memory plus trees from file
  90 trees originally in memory
  90 trees read from file
  90 trees from file kept
  180 trees now in memory

  Time used = 0.00 sec (CPU time = 0.00 sec)

Processing TREES block from file:
D:\Documents\HigherEducation\PhD\Pardo\MajorityRuleIslands\WeightedMJ\FourthIslandWeights.tre
  Keeping: trees in memory plus trees from file
  180 trees originally in memory
  216 trees read from file
  216 trees from file kept
  396 trees now in memory

  Time used = 0.02 sec (CPU time = 0.02 sec)

Processing TREES block from file:
D:\Documents\HigherEducation\PhD\Pardo\MajorityRuleIslands\WeightedMJ\FifthIslandWeights.tre
  Keeping: trees in memory plus trees from file
  396 trees originally in memory
  486 trees read from file
  486 trees from file kept
  882 trees now in memory

  Time used = 0.03 sec (CPU time = 0.03 sec)

50% Majority-rule consensus of 882 trees (using tree weights, sum = 5)

/----------------------------------------------------------------- Proterogryinus scheelei(1)
|
|    /------------------------------------------------------------ Greererpeton burkemorani(2)
|    |
|    |                                       /-------------------- Edops craigi(3)
|    |                                       |
|    |                   /--------100--------+    /--------------- Adamanterpeton ohioensis(4)
|    |                   |                   |    |
|    |                   |                   \100-+         /----- Cochleosaurus bohemicus(5)
|    |                   |                        |    /100-+
|    |                   |                        |    |    \----- Chenoprosopus milleri(6)
|    |                   |                        \100-+
|    |                   |                             \---------- Nigerpeton ricqlesi(7)
|    |                   |
|    |                   |    /----------------------------------- Iberospondylus schultzei(8)
|    |                   |    |
|    |                   |    |                             /----- Acanthostomatops vorax(9)
|    |                   |    |         /--------100--------+
|    |                   |    |         |                   \----- Zatrachys serratus(10)
|    |                   |    |         |
|    |                   |    |         |                   /----- Micromelerpeton credneri(11)
|    |                   |    |         +--------100--------+
|    |                   |    |         |                   \----- Limnogyrinus elegans(12)
|    |                   |    |         |
|    |                   |    |         +------------------------- Apateon pedestris(13)
|    |                   |    |         |
|    |                   |    |         +------------------------- Micropholis stowi(14)
|    |                   |    |         |
|    |                   |    |         +------------------------- Platyrhinops lyelli(15)
|    |                   |    |         |
|    |                   |    |         +------------------------- Doleserpeton annectens(16)
|    |                   |    |         |
|    |                   |    |         +------------------------- Gerobatrachus hottoni(17)
|    |              /100-+    |         |
|    |              |    |    |         |         /--------------- Chinlestegophis jenkinsi(18)
|    |              |    |    |         |         |
|    |              |    |    |         +---60----+    /---------- Eocaecilia micropodia(19)
|    |              |    |    |         |         |    |
|    |              |    |    |         |         \-80-+    /----- Epicrionops bicolor(20)
|    |              |    |    |         |              \100-+
|    |              |    |    |         |                   \----- Ichthyophis bannannicus(21)
|    |              |    |    |         |
|    |              |    |    |         |              /---------- Triadobatrachus massinoti(22)
|    |              |    |    |         |              |
|    |              |    |    |         |         /100-+    /----- Xenopus tropicalis(23)
|    |              |    |    |         |         |    \100-+
|    |              |    |    |         |         |         \----- Leptodactylus mystacinus(24)
|    |              |    |    |         |    /-60-+
|    |              |    |    |         |    |    |    /---------- Cryptobranchus allegheniensis(27)
|    |              |    |    |         |    |    |    |
|    |              |    |    |         |    |    \100-+    /----- Hynobius japonicus(28)
|    |              |    |    |         +100-+         \-70-+
|    |              |    |    |         |    |              \----- Ambystoma opacum(29)
|    |              |    |    |         |    |
|    |              |    |    |         |    |              /----- Karaurus sharovi(25)
|    |              |    |    |         |    \------87------+
|    |              |    |    |         |                   \----- Kokartus honorarius(26)
|    |              |    |    |         |
|    |              |    |    |         +------------------------- Amphibamus grandiceps(30)
|    |              |    |    |         |
|    |              |    \100-+         |                   /----- Dissorophus multicinctus(31)
|    |              |         |         |              /-67-+
|    |              |         |         |              |    \----- Broiliellus texensis(32)
|    |              |         |         |         /100-+
|    |              |         |         |         |    \---------- Cacops aspidephorus morrisi(33)
|    |              |         |         |         |
\----+              |         |         +---100---+         /----- Acheloma cumminsi(34)
     |              |         |         |         |    /-67-+
     |              |         |         |         |    |    \----- Phonerpeton pricei(35)
     |              |         |         |         \100-+
     |              |         |         |              \---------- Ecolsonia cutlerensis(36)
     |              |         |         |
     |              |         |         +------------------------- Lapillopsis nana(37)
     |              |         |         |
     |              |         |         |                   /----- Onchiodon labyrinthicus(38)
     |              |         |    /100-+--------100--------+
     |              |         |    |    |                   \----- Eryops megacephalus(39)
     |              |         |    |    |
     |              |         |    |    +------------------------- Sclerocephalus haeuseri(40)
     |              |         |    |    |
     |              |         |    |    +------------------------- Glanochthon latirostris(41)
     |              |         |    |    |
     |              |         |    |    +------------------------- Australerpeton cosgriffi(42)
     |              |         |    |    |
     |              |         |    |    |                   /----- Rhineceps nyasaensis(43)
     |         /100-+         |    |    |                   |
     |         |    |         |    |    +--------100--------+----- Uranocentrodon senekalensis(44)
     |         |    |         |    |    |                   |
     |         |    |         |    |    |                   \----- Broomistega putterilla(45)
     |         |    |         |    |    |
     |         |    |         |    |    +------------------------- Lydekkerina huxleyi(46)
     |         |    |         |    |    |
     |         |    |         |    |    +------------------------- Chomatobatrachus halei(47)
     |         |    |         |    |    |
     |         |    |         |    |    +------------------------- Sangaia lavina(48)
     |         |    |         |    |    |
     |         |    |         |    |    |              /---------- Laidleria gracilis(49)
     |         |    |         |    |    |              |
     |         |    |         |    |    |         /-80-+    /----- Plagiosuchus pustuliferus(50)
     |         |    |         |    |    |         |    \100-+
     |         |    |         |    |    |    /-80-+         \----- Gerrothorax pulcherrimus(51)
     |         |    |         |    |    |    |    |
     |         |    |         |    |    +-80-+    \--------------- Batrachosuchus watsoni(52)
     |         |    |         |    |    |    |
     |         |    |         |    |    |    \-------------------- Siderops kehli(53)
     |         |    |         |    |    |
     |         |    |         \100-+    +------------------------- Rileymillerus cosgriffi(54)
     |         |    |              |    |
     |         |    |              |    |                   /----- Peltostega erici(55)
     |         |    |              |    |              /100-+
     |         |    |              |    |              |    \----- Lyrocephaliscus euri(56)
     |         |    |              |    |              |
     |         |    |              |    |              |    /----- Callistomordax kugleri(57)
     |    /100-+    |              |    |              +100-+
     |    |    |    |              |    +-----100------+    \----- Metoposaurus diagnosticus(58)
     |    |    |    |              |    |              |
     |    |    |    |              |    |              +---------- Trematosaurus brauni(59)
     |    |    |    |              |    |              |
     |    |    |    |              |    |              \---------- Trematolestes hagdorni(60)
     |    |    |    |              |    |
     |    |    |    |              |    +------------------------- Benthosuchus sushkini(61)
     |    |    |    |              |    |
     |    |    |    |              |    |         /--------------- Parotosuchus(62)
     |    |    |    |              |    |         |
     |    |    |    |              |    +---100---+         /----- Paracyclotosaurus davidi(63)
     |    |    |    |              |    |         |    /100-+
     |    |    |    |              |    |         |    |    \----- Mastodonsaurus giganteus(64)
     |    |    |    |              |    |         \100-+
     |    |    |    |              |    |              \---------- Cyclotosaurus robustus(65)
     |    |    |    |              |    |
     \100-+    |    |              |    +------------------------- Edingerella madagascariensis(66)
          |    |    |              |    |
          |    |    |              |    |                   /----- Archegosaurus decheni(67)
          |    |    |              |    \--------100--------+
          |    |    |              |                        \----- Platyoposaurus stuckenbergi(68)
          |    |    |              |
          |    |    |              \------------------------------ Peltobatrachus pustulatus(69)
          |    |    |
          |    |    \--------------------------------------------- Capetus palustris(70)
          |    |
          |    |                                            /----- Dendrerpeton acadianum(71)
          |    \--------------------100---------------------+
          |                                                 \----- Balanerpeton woodi(72)
          |
          |                                                 /----- Trimerorhachis insignis(73)
          |                                            /100-+
          |                                            |    \----- Neldasaurus wrightae(74)
          \--------------------100---------------------+
                                                       |    /----- Isodectes obtusus(75)
                                                       \100-+
                                                            \----- Acroplous vorax(76)

Bipartitions found in one or more trees and frequency of occurrence:

         1         2         3         4         5         6         7     7
1234567890123456789012345678901234567890123456789012345678901234567890123456          Freq        %
---------------------------------------------------------------------------------------------------
..........................................................................**          5.00  100.00%
........................................................................**..          5.00  100.00%
........................................................................****          5.00  100.00%
......................................................................**....          5.00  100.00%
..................................................................**........          5.00  100.00%
..............................................................**............          5.00  100.00%
..............................................................***...........          5.00  100.00%
.............................................................****...........          5.00  100.00%
........................................................**..................          5.00  100.00%
......................................................**....................          5.00  100.00%
......................................................******................          5.00  100.00%
.................................................**.........................          5.00  100.00%
..........................................***...............................          5.00  100.00%
.....................................**.....................................          5.00  100.00%
.................................***........................................          5.00  100.00%
..............................***...........................................          5.00  100.00%
..............................******........................................          5.00  100.00%
..........................***...............................................          5.00  100.00%
......................**....................................................          5.00  100.00%
.....................***....................................................          5.00  100.00%
.....................********...............................................          5.00  100.00%
...................**.......................................................          5.00  100.00%
..........**................................................................          5.00  100.00%
........**..................................................................          5.00  100.00%
........************************************************************........          5.00  100.00%
........*************************************************************.......          5.00  100.00%
.......**************************************************************.......          5.00  100.00%
....**......................................................................          5.00  100.00%
....***.....................................................................          5.00  100.00%
...****.....................................................................          5.00  100.00%
..*****.....................................................................          5.00  100.00%
..*******************************************************************.......          5.00  100.00%
..********************************************************************......          5.00  100.00%
..**********************************************************************....          5.00  100.00%
..**************************************************************************          5.00  100.00%
........................**..................................................          4.33   86.67%
..................***.......................................................          4.00   80.00%
................................................***.........................          4.00   80.00%
................................................****........................          4.00   80.00%
................................................*****.......................          4.00   80.00%
...........................**...............................................          3.50   70.00%
..............................**............................................          3.33   66.67%
.................................**.........................................          3.33   66.67%
.................****.......................................................          3.00   60.00%
.....................***..***...............................................          3.00   60.00%
........................................................**.*................          2.50   50.00%
..........................................................**................          2.50   50.00%
........................................................****................          2.33   46.67%
............................................................*****...........          2.20   44.00%
........................*****...............................................          2.00   40.00%
..................***********...............................................          2.00   40.00%
.................*...................................*......................          2.00   40.00%
.................****................................*......................          2.00   40.00%
.................****..........................*************................          2.00   40.00%
.................****..........................*******************..........          2.00   40.00%
.................****.........................********************..........          2.00   40.00%
.................****........................*********************..........          2.00   40.00%
.................****.....................************************..........          2.00   40.00%
.................****....................*************************..........          2.00   40.00%
.................****...................**************************..........          2.00   40.00%
.................****...................****************************........          2.00   40.00%
.................****..................*****************************........          2.00   40.00%
.................****................*******************************........          2.00   40.00%
................*....********...............................................          2.00   40.00%
...............**....********...............................................          2.00   40.00%
..............***....*********..............................................          2.00   40.00%
.............****....*********..............................................          2.00   40.00%
............*****....*********..............................................          2.00   40.00%
..........*******....*********..............................................          2.00   40.00%
..........*******....***************........................................          2.00   40.00%
..........*******....****************.......................................          2.00   40.00%
........*********....****************.......................................          2.00   40.00%
.................****...........................******......................          1.67   33.33%
..........................................**................................          1.67   33.33%
..................................**........................................          1.67   33.33%
...........................................**...............................          1.67   33.33%
..........................................*.*...............................          1.67   33.33%
..............................*.*...........................................          1.67   33.33%
..........................*.*...............................................          1.50   30.00%
..............***....********...............................................          1.33   26.67%
.................****............................**..*......................          1.00   20.00%
.................****............................*****......................          1.00   20.00%
.................****..........................*******......................          1.00   20.00%
.................****..........................******************...........          1.00   20.00%
.................****...........................************................          1.00   20.00%
.................****..........................**************...............          1.00   20.00%
.................****..........................**************....*..........          1.00   20.00%
......................................................****..................          1.00   20.00%
................................................******......................          1.00   20.00%
...............................................*******......................          1.00   20.00%
...............................................*************................          1.00   20.00%
...............................................******************...........          1.00   20.00%
...............................................*******************..........          1.00   20.00%
..............................................********************..........          1.00   20.00%
.............................................*********************..........          1.00   20.00%
..........................................************************..........          1.00   20.00%
.........................................*************************..........          1.00   20.00%
........................................**************************..........          1.00   20.00%
........................................****************************........          1.00   20.00%
.......................................*****************************........          1.00   20.00%
.....................................*******************************........          1.00   20.00%
.................**.........................................................          1.00   20.00%
.................************...............................................          1.00   20.00%
................*************...............................................          1.00   20.00%
...............**************...............................................          1.00   20.00%
..............****************..............................................          1.00   20.00%
.............*****************..............................................          1.00   20.00%
............******************..............................................          1.00   20.00%
..........********************..............................................          1.00   20.00%
..........**************************........................................          1.00   20.00%
..........***************************.......................................          1.00   20.00%
........*****************************.......................................          1.00   20.00%
.................*..............................******......................          1.00   20.00%
.................*..............................************................          1.00   20.00%
.................*.............................*************................          1.00   20.00%
.................*.............................*******************..........          1.00   20.00%
.................*............................********************..........          1.00   20.00%
.................*...........................*********************..........          1.00   20.00%
.................*........................************************..........          1.00   20.00%
.................*.......................*************************..........          1.00   20.00%
.................*......................**************************..........          1.00   20.00%
.................*......................****************************........          1.00   20.00%
.................*.....................*****************************........          1.00   20.00%
.................*...................*******************************........          1.00   20.00%
................*.***********...............................................          1.00   20.00%
...............**.***********...............................................          1.00   20.00%
..............***.************..............................................          1.00   20.00%
.............****.************..............................................          1.00   20.00%
............*****.************..............................................          1.00   20.00%
..........*******.************..............................................          1.00   20.00%
..........*******.******************........................................          1.00   20.00%
..........*******.*******************.......................................          1.00   20.00%
........*********.*******************.......................................          1.00   20.00%
.................************........................*......................          1.00   20.00%
.................************...................******......................          1.00   20.00%
.................************...................************................          1.00   20.00%
.................************..................*************................          1.00   20.00%
.................************..................**************...............          1.00   20.00%
.................************..................**************....*..........          1.00   20.00%
.................************..................*******************..........          1.00   20.00%
.................************.................********************..........          1.00   20.00%
.................************................*********************..........          1.00   20.00%
.................************.............************************..........          1.00   20.00%
.................************............*************************..........          1.00   20.00%
.................************...........**************************..........          1.00   20.00%
.................************...........****************************........          1.00   20.00%
.................************..........*****************************........          1.00   20.00%
.................************........*******************************........          1.00   20.00%
...............**...........................................................          1.00   20.00%
...............**............*..............................................          1.00   20.00%
..............***............*..............................................          1.00   20.00%
.............****............*..............................................          1.00   20.00%
............*****............*..............................................          1.00   20.00%
..........*******............*..............................................          1.00   20.00%
..........*******............*******........................................          1.00   20.00%
..........*******............********.......................................          1.00   20.00%
........*********............********.......................................          1.00   20.00%
......................................................****.*................          0.83   16.67%
......................................................**..*.................          0.83   16.67%
...............**....*********..............................................          0.67   13.33%
.....................****.***...............................................          0.67   13.33%
.................****............................***.*......................          0.67   13.33%
.................*.............................**************...............          0.60   12.00%
..............***.***********...............................................          0.50   10.00%
...............**.************..............................................          0.50   10.00%
..............***************...............................................          0.50   10.00%
...............***************..............................................          0.50   10.00%
.................*.............................******************...........          0.40    8.00%
.............................................................*****..........          0.40    8.00%
...............................................**...........................          0.33    6.67%
.................****............................**.**......................          0.33    6.67%
.................*.............................**************....*..........          0.20    4.00%
.................*.............................*************.*****..........          0.20    4.00%

Consensus tree(s) written to treefile:
D:\Documents\HigherEducation\PhD\Pardo\MajorityRuleIslands\WeightedMJ\AllIslands50.tre

Strict consensus of 882 trees:

/--------------------------------------------------------------------- Proterogryinus scheelei
|
|     /--------------------------------------------------------------- Greererpeton burkemorani
|     |
|     |                                       /----------------------- Edops craigi
|     |                                       |
|     |                      /----------------+     /----------------- Adamanterpeton ohioensis
|     |                      |                |     |
|     |                      |                \-----+          /------ Cochleosaurus bohemicus
|     |                      |                      |     /----+
|     |                      |                      |     |    \------ Chenoprosopus milleri
|     |                      |                      \-----+
|     |                      |                            \----------- Nigerpeton ricqlesi
|     |                      |
|     |                      |     /---------------------------------- Iberospondylus schultzei
|     |                      |     |
|     |                      |     |                           /------ Acanthostomatops vorax
|     |                      |     |          /----------------+
|     |                      |     |          |                \------ Zatrachys serratus
|     |                      |     |          |
|     |                      |     |          |                /------ Micromelerpeton credneri
|     |                      |     |          +----------------+
|     |                      |     |          |                \------ Limnogyrinus elegans
|     |                      |     |          |
|     |                      |     |          +----------------------- Apateon pedestris
|     |                      |     |          |
|     |                      |     |          +----------------------- Micropholis stowi
|     |                      |     |          |
|     |                      |     |          +----------------------- Platyrhinops lyelli
|     |                      |     |          |
|     |                      |     |          +----------------------- Doleserpeton annectens
|     |                      |     |          |
|     |                      |     |          +----------------------- Gerobatrachus hottoni
|     |                /-----+     |          |
|     |                |     |     |          +----------------------- Chinlestegophis jenkinsi
|     |                |     |     |          |
|     |                |     |     |          +----------------------- Eocaecilia micropodia
|     |                |     |     |          |
|     |                |     |     |          |                /------ Epicrionops bicolor
|     |                |     |     |          +----------------+
|     |                |     |     |          |                \------ Ichthyophis bannannicus
|     |                |     |     |          |
|     |                |     |     |          |           /----------- Triadobatrachus massinoti
|     |                |     |     |          |           |
|     |                |     |     |          |     /-----+    /------ Xenopus tropicalis
|     |                |     |     |          |     |     \----+
|     |                |     |     |          |     |          \------ Leptodactylus mystacinus
|     |                |     |     |          |     |
|     |                |     |     |          |     +----------------- Karaurus sharovi
|     |                |     |     |          +-----+
|     |                |     |     |          |     +----------------- Kokartus honorarius
|     |                |     |     |          |     |
|     |                |     |     |          |     |          /------ Cryptobranchus allegheniensis
|     |                |     |     |          |     |          |
|     |                |     |     |          |     \----------+------ Hynobius japonicus
|     |                |     |     |          |                |
|     |                |     |     |          |                \------ Ambystoma opacum
|     |                |     |     |          |
|     |                |     |     |          +----------------------- Amphibamus grandiceps
|     |                |     |     |          |
|     |                |     \-----+          |                /------ Dissorophus multicinctus
|     |                |           |          |                |
|     |                |           |          |           /----+------ Broiliellus texensis
|     |                |           |          |           |    |
|     |                |           |          |           |    \------ Cacops aspidephorus morrisi
|     |                |           |          +-----------+
\-----+                |           |          |           |    /------ Acheloma cumminsi
      |                |           |          |           |    |
      |                |           |          |           \----+------ Phonerpeton pricei
      |                |           |          |                |
      |                |           |          |                \------ Ecolsonia cutlerensis
      |                |           |          |
      |                |           |          +----------------------- Lapillopsis nana
      |                |           |          |
      |                |           |          |                /------ Onchiodon labyrinthicus
      |                |           |    /-----+----------------+
      |                |           |    |     |                \------ Eryops megacephalus
      |                |           |    |     |
      |                |           |    |     +----------------------- Sclerocephalus haeuseri
      |                |           |    |     |
      |                |           |    |     +----------------------- Glanochthon latirostris
      |                |           |    |     |
      |                |           |    |     +----------------------- Australerpeton cosgriffi
      |                |           |    |     |
      |                |           |    |     |                /------ Rhineceps nyasaensis
      |          /-----+           |    |     |                |
      |          |     |           |    |     +----------------+------ Uranocentrodon senekalensis
      |          |     |           |    |     |                |
      |          |     |           |    |     |                \------ Broomistega putterilla
      |          |     |           |    |     |
      |          |     |           |    |     +----------------------- Lydekkerina huxleyi
      |          |     |           |    |     |
      |          |     |           |    |     +----------------------- Chomatobatrachus halei
      |          |     |           |    |     |
      |          |     |           |    |     +----------------------- Sangaia lavina
      |          |     |           |    |     |
      |          |     |           |    |     +----------------------- Laidleria gracilis
      |          |     |           |    |     |
      |          |     |           |    |     |                /------ Plagiosuchus pustuliferus
      |          |     |           |    |     +----------------+
      |          |     |           |    |     |                \------ Gerrothorax pulcherrimus
      |          |     |           |    |     |
      |          |     |           |    |     +----------------------- Batrachosuchus watsoni
      |          |     |           |    |     |
      |          |     |           |    |     +----------------------- Siderops kehli
      |          |     |           |    |     |
      |          |     |           \----+     +----------------------- Rileymillerus cosgriffi
      |          |     |                |     |
      |          |     |                |     |                /------ Peltostega erici
      |          |     |                |     |           /----+
      |          |     |                |     |           |    \------ Lyrocephaliscus euri
      |          |     |                |     |           |
      |          |     |                |     |           |    /------ Callistomordax kugleri
      |     /----+     |                |     |           +----+
      |     |    |     |                |     +-----------+    \------ Metoposaurus diagnosticus
      |     |    |     |                |     |           |
      |     |    |     |                |     |           +----------- Trematosaurus brauni
      |     |    |     |                |     |           |
      |     |    |     |                |     |           \----------- Trematolestes hagdorni
      |     |    |     |                |     |
      |     |    |     |                |     +----------------------- Benthosuchus sushkini
      |     |    |     |                |     |
      |     |    |     |                |     |     /----------------- Parotosuchus
      |     |    |     |                |     |     |
      |     |    |     |                |     +-----+          /------ Paracyclotosaurus davidi
      |     |    |     |                |     |     |     /----+
      |     |    |     |                |     |     |     |    \------ Mastodonsaurus giganteus
      |     |    |     |                |     |     \-----+
      |     |    |     |                |     |           \----------- Cyclotosaurus robustus
      |     |    |     |                |     |
      \-----+    |     |                |     +----------------------- Edingerella madagascariensis
            |    |     |                |     |
            |    |     |                |     |                /------ Archegosaurus decheni
            |    |     |                |     \----------------+
            |    |     |                |                      \------ Platyoposaurus stuckenbergi
            |    |     |                |
            |    |     |                \----------------------------- Peltobatrachus pustulatus
            |    |     |
            |    |     \---------------------------------------------- Capetus palustris
            |    |
            |    |                                             /------ Dendrerpeton acadianum
            |    \---------------------------------------------+
            |                                                  \------ Balanerpeton woodi
            |
            |                                                  /------ Trimerorhachis insignis
            |                                             /----+
            |                                             |    \------ Neldasaurus wrightae
            \---------------------------------------------+
                                                          |    /------ Isodectes obtusus
                                                          \----+
                                                               \------ Acroplous vorax

Consensus tree(s) written to treefile:
D:\Documents\HigherEducation\PhD\Pardo\MajorityRuleIslands\WeightedMJ\AllIslandsStrict.tre
