
P A U P *
Version 4.0a (build 165) for 32-bit Microsoft Windows (built on Apr  1 2019 at 23:04:01)
Wed Jul 03 09:19:15 2019


Processing TREES block from file:
D:\Documents\HigherEducation\PhD\Pardo\MajorityRuleIslands\PartMajRule\FifthIsland.tre
  Keeping: trees from file (replacing any trees already in memory)
  486 trees read from file

  Time used = 0.05 sec (CPU time = 0.05 sec)

50% Majority-rule consensus of 486 trees

/----------------------------------------------------------------- Proterogryinus scheelei(1)
|
| /--------------------------------------------------------------- Greererpeton burkemorani(2)
| |
| |                                                     /--------- Edops craigi(3)
| |                                                     |
| |        /--------------------100---------------------+ /------- Adamanterpeton ohioensis(4)
| |        |                                            | |
| |        |                                            100    /-- Cochleosaurus bohemicus(5)
| |        |                                              |  100
| |        |                                              |  | \-- Chenoprosopus milleri(6)
| |        |                                              100+
| |        |                                                 \---- Nigerpeton ricqlesi(7)
| |        |
| |        | /---------------------------------------------------- Iberospondylus schultzei(8)
| |        | |
| |        | |                                                 /-- Acanthostomatops vorax(9)
| |        | |                    /------------100-------------+
| |        | |                    |                            \-- Zatrachys serratus(10)
| |        | |                    |
| |        | |                    |                            /-- Micromelerpeton credneri(11)
| |        | |                    |     /---------100----------+
| |        | |                    |     |                      \-- Limnogyrinus elegans(12)
| |        | |                    |     |
| |        | |                    |     |  /---------------------- Apateon pedestris(13)
| |        | |                    |   100  |
| |        | |                    |   | |  | /-------------------- Micropholis stowi(14)
| |        | |                    |   | |  | |
| |        | |                    |   | |  | |   /---------------- Platyrhinops lyelli(15)
| |        | |                    |   | 100+ |   |
| |        | |                    |   |    | |   |  /------------- Doleserpeton annectens(16)
| |        | |                    |   |    | | 67+  |
| |        | |                    |   |    | | | |  | /----------- Gerobatrachus hottoni(17)
| |        | |                    |   |    100 | |  | |
| |      100 |                    |   |      | | 100+ |      /---- Triadobatrachus massinoti(22)
| |      | | |    /------100------+   |      | |    | |      |
| |      | | |    |               |   |      | |    | |   100+ /-- Xenopus tropicalis(23)
| |      | | |    |               |   |      | |    100   |  100
| |      | | |    |               |   |      | |      |   |    \-- Leptodactylus mystacinus(24)
| |      | | |    |               |   |      | |      | 100
| |      | | |    |               |   |      100      | | |    /-- Cryptobranchus allegheniensis(27)
| |      | | |    |               | 100        |      | | |    |
| |      | | |    |               | | |        |      | | \100-+-- Hynobius japonicus(28)
| |      | | |    |               | | |        |      100      |
| |      | | |    |               | | |        |        |      \-- Ambystoma opacum(29)
| |      | | |    |               | | |        |        |
| |      | | |    |               | | |        |        |      /-- Karaurus sharovi(25)
| |      | | |    |               | | |        |        \--67--+
| |      | | |    |               | | |        |               \-- Kokartus honorarius(26)
| |      | | |    |               | | |        |
| |      | | |    |               | | |        \------------------ Amphibamus grandiceps(30)
| |      | | |    |               | | |
| |      | | |    |               | | |                        /-- Dissorophus multicinctus(31)
| |      | | |    |               100 |                      67+
| |      | | |    |                 | |                      | \-- Broiliellus texensis(32)
| |      | | |    |                 | |                   100+
| |      | | |    |                 | |                   |  \---- Cacops aspidephorus morrisi(33)
| |      | | |    |                 | |                   |
| |      | | |    |                 | \--------100--------+    /-- Acheloma cumminsi(34)
| |      | | |    |                 |                     |  67+
| |      | | |    |                 |                     |  | \-- Phonerpeton pricei(35)
| |      | | |    |                 |                     100+
| |      | 100    |                 |                        \---- Ecolsonia cutlerensis(36)
| |      |   |    |                 |
| |      |   |    |                 \----------------------------- Lapillopsis nana(37)
| |      |   |    |
\-+      |   |    |                                       /------- Chinlestegophis jenkinsi(18)
  |      |   |    |                                       |
  |      |   |    |                                     100  /---- Eocaecilia micropodia(19)
  |      |   |    |                                     | |  |
  |      |   |    |                                     | 100+ /-- Epicrionops bicolor(20)
  |      |   |    |                                   100    100
  |      |   |    |                                   | |      \-- Ichthyophis bannannicus(21)
  |      |   |    |                                   | |
  |      |   |    |                                 100 \--------- Rileymillerus cosgriffi(54)
  |      |   |    |                                 | |
  |      |   |    |                                 | |        /-- Plagiosuchus pustuliferus(50)
  |      |   |    |                              /67+ \--100---+
  |      |   |    |                              |  |          \-- Gerrothorax pulcherrimus(51)
  |      |   |    |                            100  |
  |      |   |    |                            | |  \------------- Batrachosuchus watsoni(52)
  |      |   |    |                            | |
  |      |   |  100                          67+ \---------------- Siderops kehli(53)
  |      |   |  | |                          | |
  |      |   |  | |                        100 \------------------ Laidleria gracilis(49)
  |      |   |  | |                        | |
  |    100   |  | |                        | \-------------------- Sangaia lavina(48)
  |    | |   |  | |                        |
  |    | |   |  | |                        |                   /-- Peltostega erici(55)
  |    | |   |  | |                     100+              /100-+
  |    | |   |  | |                     |  |              |    \-- Lyrocephaliscus euri(56)
  |    | |   |  | |                     |  |              |
  |    | |   |  | |                     |  |              |    /-- Callistomordax kugleri(57)
  |    | |   |  | |                     |  |              |  100
  |    | |   |  | |                     |  \-----100------+  | \-- Metoposaurus diagnosticus(58)
  |    | |   |  | |                   100                 100+
  |    | |   |  | |                   | |                 |  \---- Trematolestes hagdorni(60)
  |    | |   |  | |                   | |                 |
  |    | |   |  | |                   | |                 \------- Trematosaurus brauni(59)
  |    | |   |  | |                   | |
  |    | |   |  | |                   | |               /--------- Benthosuchus sushkini(61)
  |    | |   |  | |                   | |               |
  |    | |   |  | |                   | \------100------+ /------- Parotosuchus(62)
  |    | |   |  | |                 100                 | |
  |    | |   |  | |                 | |                 100    /-- Paracyclotosaurus davidi(63)
  |    | |   |  | |                 | |                   |  100
  |    | |   |  | |                 | |                   |  | \-- Mastodonsaurus giganteus(64)
  |    | |   |  | |               100 |                   100+
  |    | |   |  | |               | | |                      \---- Cyclotosaurus robustus(65)
  |    | |   100+ |               | | |
  |    | |      | |               | | \--------------------------- Edingerella madagascariensis(66)
  |    | |      | |            100+ |
  |    | |      | |            |  | \----------------------------- Chomatobatrachus halei(47)
  | 100+ |      | |            |  |
  | |  | |      | |          100  \------------------------------- Lydekkerina huxleyi(46)
  | |  | |      | |          | |
  | |  | |      | |          | |                               /-- Rhineceps nyasaensis(43)
  | |  | |      | |          | |                               |
  | |  | |      | |        100 \--------------100--------------+-- Uranocentrodon senekalensis(44)
  | |  | |      | |        | |                                 |
  | |  | |      | |        | |                                 \-- Broomistega putterilla(45)
  | |  | |      | |      100 |
  | |  | |      | |      | | \------------------------------------ Australerpeton cosgriffi(42)
  | |  | |      | |      | |
  | |  | |      | |   100+ \-------------------------------------- Glanochthon latirostris(41)
  | |  | |      | |   |  |
  | |  | |      | |   |  |                                     /-- Archegosaurus decheni(67)
  | |  | |      | | 100  \-----------------100-----------------+
  | |  | |      | | | |                                        \-- Platyoposaurus stuckenbergi(68)
  | |  | |      | | | |
  100  | |      | 100 \------------------------------------------- Sclerocephalus haeuseri(40)
    |  | |      |   |
    |  | |      |   |                                          /-- Onchiodon labyrinthicus(38)
    |  | |      |   \-------------------100--------------------+
    |  | |      |                                              \-- Eryops megacephalus(39)
    |  | |      |
    |  | |      \------------------------------------------------- Peltobatrachus pustulatus(69)
    |  | |
    |  | \-------------------------------------------------------- Capetus palustris(70)
    |  |
    |  |                                                       /-- Dendrerpeton acadianum(71)
    |  \--------------------------100--------------------------+
    |                                                          \-- Balanerpeton woodi(72)
    |
    |                                                          /-- Trimerorhachis insignis(73)
    |                                                        100
    |                                                        | \-- Neldasaurus wrightae(74)
    \--------------------------100---------------------------+
                                                             | /-- Isodectes obtusus(75)
                                                             100
                                                               \-- Acroplous vorax(76)

Bipartitions found in one or more trees and frequency of occurrence:

         1         2         3         4         5         6         7     7
1234567890123456789012345678901234567890123456789012345678901234567890123456          Freq        %
---------------------------------------------------------------------------------------------------
..........................................................................**           486  100.00%
........................................................................**..           486  100.00%
........................................................................****           486  100.00%
......................................................................**....           486  100.00%
.....................................**.....................................           486  100.00%
..................................................................**........           486  100.00%
..........................................***...............................           486  100.00%
..............................................................**............           486  100.00%
..............................................................***...........           486  100.00%
.............................................................****...........           486  100.00%
............................................................*****...........           486  100.00%
........................................................**..................           486  100.00%
........................................................**.*................           486  100.00%
......................................................**....................           486  100.00%
......................................................******................           486  100.00%
.................................................**.........................           486  100.00%
...................**.......................................................           486  100.00%
..................***.......................................................           486  100.00%
.................****.......................................................           486  100.00%
.................****................................*......................           486  100.00%
.................****............................**..*......................           486  100.00%
.................****............................*****......................           486  100.00%
.................****..........................*******......................           486  100.00%
.................****..........................*************................           486  100.00%
.................****..........................******************...........           486  100.00%
.................****..........................*******************..........           486  100.00%
.................****.........................********************..........           486  100.00%
.................****........................*********************..........           486  100.00%
.................****.....................************************..........           486  100.00%
.................****....................*************************..........           486  100.00%
.................****...................**************************..........           486  100.00%
.................****...................****************************........           486  100.00%
.................****..................*****************************........           486  100.00%
.................****................*******************************........           486  100.00%
.................................***........................................           486  100.00%
..............................***...........................................           486  100.00%
..............................******........................................           486  100.00%
..........................***...............................................           486  100.00%
......................**....................................................           486  100.00%
.....................***....................................................           486  100.00%
.....................***..***...............................................           486  100.00%
.....................********...............................................           486  100.00%
................*....********...............................................           486  100.00%
...............**....********...............................................           486  100.00%
..............***....*********..............................................           486  100.00%
.............****....*********..............................................           486  100.00%
............*****....*********..............................................           486  100.00%
..........**................................................................           486  100.00%
..........*******....*********..............................................           486  100.00%
..........*******....***************........................................           486  100.00%
..........*******....****************.......................................           486  100.00%
........**..................................................................           486  100.00%
........*********....****************.......................................           486  100.00%
........************************************************************........           486  100.00%
........*************************************************************.......           486  100.00%
.......**************************************************************.......           486  100.00%
....**......................................................................           486  100.00%
....***.....................................................................           486  100.00%
...****.....................................................................           486  100.00%
..*****.....................................................................           486  100.00%
..*******************************************************************.......           486  100.00%
..********************************************************************......           486  100.00%
..**********************************************************************....           486  100.00%
..**************************************************************************           486  100.00%
.................****............................***.*......................           324   66.67%
..............................**............................................           324   66.67%
........................**..................................................           324   66.67%
.................****...........................******......................           324   66.67%
.................................**.........................................           324   66.67%
..............***....********...............................................           324   66.67%
...........................**...............................................           243   50.00%
..........................*.*...............................................           243   50.00%
..........................................**................................           162   33.33%
........................................................****................           162   33.33%
...............................................**...........................           162   33.33%
..................................**........................................           162   33.33%
...............**....*********..............................................           162   33.33%
...........................................**...............................           162   33.33%
..........................................*.*...............................           162   33.33%
.................****............................**.**......................           162   33.33%
......................................................****.*................           162   33.33%
......................................................**..*.................           162   33.33%
..............................*.*...........................................           162   33.33%
.....................****.***...............................................           162   33.33%

Consensus tree(s) written to treefile:
D:\Documents\HigherEducation\PhD\Pardo\MajorityRuleIslands\PartMajRule\FifthIsland50.tre

Strict consensus of 486 trees:

/--------------------------------------------------------------------- Proterogryinus scheelei
|
|  /------------------------------------------------------------------ Greererpeton burkemorani
|  |
|  |                                                       /---------- Edops craigi
|  |                                                       |
|  |         /---------------------------------------------+ /-------- Adamanterpeton ohioensis
|  |         |                                             | |
|  |         |                                             \-+    /--- Cochleosaurus bohemicus
|  |         |                                               |  /-+
|  |         |                                               |  | \--- Chenoprosopus milleri
|  |         |                                               \--+
|  |         |                                                  \----- Nigerpeton ricqlesi
|  |         |
|  |         | /------------------------------------------------------ Iberospondylus schultzei
|  |         | |
|  |         | |                                                  /--- Acanthostomatops vorax
|  |         | |                    /-----------------------------+
|  |         | |                    |                             \--- Zatrachys serratus
|  |         | |                    |
|  |         | |                    |                             /--- Micromelerpeton credneri
|  |         | |                    |      /----------------------+
|  |         | |                    |      |                      \--- Limnogyrinus elegans
|  |         | |                    |      |
|  |         | |                    |      |  /----------------------- Apateon pedestris
|  |         | |                    |    /-+  |
|  |         | |                    |    | |  |  /-------------------- Micropholis stowi
|  |         | |                    |    | |  |  |
|  |         | |                    |    | \--+  | /------------------ Platyrhinops lyelli
|  |         | |                    |    |    |  | |
|  |         | |                    |    |    |  | |  /--------------- Doleserpeton annectens
|  |         | |                    |    |    |  | |  |
|  |         | |                    |    |    |  | |  | /------------- Gerobatrachus hottoni
|  |         | |                    |    |    \--+ |  | |
|  |      /--+ |                    |    |       | +--+ |       /----- Triadobatrachus massinoti
|  |      |  | |    /---------------+    |       | |  | |       |
|  |      |  | |    |               |    |       | |  | |    /--+ /--- Xenopus tropicalis
|  |      |  | |    |               |    |       | |  | |    |  \-+
|  |      |  | |    |               |    |       | |  \-+    |    \--- Leptodactylus mystacinus
|  |      |  | |    |               |    |       \-+    |  /-+
|  |      |  | |    |               |    |         |    |  | |    /--- Cryptobranchus allegheniensis
|  |      |  | |    |               | /--+         |    |  | |    |
|  |      |  | |    |               | |  |         |    |  | \----+--- Hynobius japonicus
|  |      |  | |    |               | |  |         |    \--+      |
|  |      |  | |    |               | |  |         |       |      \--- Ambystoma opacum
|  |      |  | |    |               | |  |         |       |
|  |      |  | |    |               | |  |         |       +---------- Karaurus sharovi
|  |      |  | |    |               | |  |         |       |
|  |      |  | |    |               | |  |         |       \---------- Kokartus honorarius
|  |      |  | |    |               | |  |         |
|  |      |  | |    |               | |  |         \------------------ Amphibamus grandiceps
|  |      |  | |    |               | |  |
|  |      |  | |    |               \-+  |                        /--- Dissorophus multicinctus
|  |      |  | |    |                 |  |                        |
|  |      |  | |    |                 |  |                      /-+--- Broiliellus texensis
|  |      |  | |    |                 |  |                      | |
|  |      |  | |    |                 |  |                      | \--- Cacops aspidephorus morrisi
|  |      |  | |    |                 |  \----------------------+
|  |      |  | |    |                 |                         | /--- Acheloma cumminsi
|  |      |  | |    |                 |                         | |
|  |      |  | |    |                 |                         \-+--- Phonerpeton pricei
|  |      |  | |    |                 |                           |
|  |      |  \-+    |                 |                           \--- Ecolsonia cutlerensis
|  |      |    |    |                 |
|  |      |    |    |                 \------------------------------- Lapillopsis nana
|  |      |    |    |
\--+      |    |    |                                        /-------- Chinlestegophis jenkinsi
   |      |    |    |                                        |
   |      |    |    |                                      /-+  /----- Eocaecilia micropodia
   |      |    |    |                                      | |  |
   |      |    |    |                                      | \--+ /--- Epicrionops bicolor
   |      |    |    |                                   /--+    \-+
   |      |    |    |                                   |  |      \--- Ichthyophis bannannicus
   |      |    |    |                                   |  |
   |      |    |    |                                 /-+  \---------- Rileymillerus cosgriffi
   |      |    |    |                                 | |
   |      |    |    |                                 | |         /--- Plagiosuchus pustuliferus
   |      |    |    |                                 | \---------+
   |      |    |    |                              /--+           \--- Gerrothorax pulcherrimus
   |      |    |    |                              |  |
   |      |    |    |                              |  +--------------- Batrachosuchus watsoni
   |      |    |    |                              |  |
   |      |    |  /-+                            /-+  \--------------- Siderops kehli
   |      |    |  | |                            | |
   |      |    |  | |                            | +------------------ Sangaia lavina
   |      |    |  | |                            | |
   |    /-+    |  | |                            | \------------------ Laidleria gracilis
   |    | |    |  | |                            |
   |    | |    |  | |                         /--+                /--- Peltostega erici
   |    | |    |  | |                         |  |           /----+
   |    | |    |  | |                         |  |           |    \--- Lyrocephaliscus euri
   |    | |    |  | |                         |  |           |
   |    | |    |  | |                         |  |           |    /--- Callistomordax kugleri
   |    | |    |  | |                         |  |           |  /-+
   |    | |    |  | |                         |  \-----------+  | \--- Metoposaurus diagnosticus
   |    | |    |  | |                      /--+              +--+
   |    | |    |  | |                      |  |              |  \----- Trematolestes hagdorni
   |    | |    |  | |                      |  |              |
   |    | |    |  | |                      |  |              \-------- Trematosaurus brauni
   |    | |    |  | |                      |  |
   |    | |    |  | |                      |  |            /---------- Benthosuchus sushkini
   |    | |    |  | |                      |  |            |
   |    | |    |  | |                    /-+  \------------+ /-------- Parotosuchus
   |    | |    |  | |                    | |               | |
   |    | |    |  | |                    | |               \-+    /--- Paracyclotosaurus davidi
   |    | |    |  | |                    | |                 |  /-+
   |    | |    |  | |                    | |                 |  | \--- Mastodonsaurus giganteus
   |    | |    |  | |                 /--+ |                 \--+
   |    | |    |  | |                 |  | |                    \----- Cyclotosaurus robustus
   |    | |    \--+ |                 |  | |
   |    | |       | |                 |  | \-------------------------- Edingerella madagascariensis
   |    | |       | |               /-+  |
   |    | |       | |               | |  \---------------------------- Chomatobatrachus halei
   | /--+ |       | |               | |
   | |  | |       | |            /--+ \------------------------------- Lydekkerina huxleyi
   | |  | |       | |            |  |
   | |  | |       | |            |  |                             /--- Rhineceps nyasaensis
   | |  | |       | |            |  |                             |
   | |  | |       | |          /-+  \-----------------------------+--- Uranocentrodon senekalensis
   | |  | |       | |          | |                                |
   | |  | |       | |          | |                                \--- Broomistega putterilla
   | |  | |       | |       /--+ |
   | |  | |       | |       |  | \------------------------------------ Australerpeton cosgriffi
   | |  | |       | |       |  |
   | |  | |       | |     /-+  \-------------------------------------- Glanochthon latirostris
   | |  | |       | |     | |
   | |  | |       | |     | |                                     /--- Archegosaurus decheni
   | |  | |       | |  /--+ \-------------------------------------+
   | |  | |       | |  |  |                                       \--- Platyoposaurus stuckenbergi
   | |  | |       | |  |  |
   \-+  | |       | \--+  \------------------------------------------- Sclerocephalus haeuseri
     |  | |       |    |
     |  | |       |    |                                          /--- Onchiodon labyrinthicus
     |  | |       |    \------------------------------------------+
     |  | |       |                                               \--- Eryops megacephalus
     |  | |       |
     |  | |       \--------------------------------------------------- Peltobatrachus pustulatus
     |  | |
     |  | \----------------------------------------------------------- Capetus palustris
     |  |
     |  |                                                         /--- Dendrerpeton acadianum
     |  \---------------------------------------------------------+
     |                                                            \--- Balanerpeton woodi
     |
     |                                                            /--- Trimerorhachis insignis
     |                                                          /-+
     |                                                          | \--- Neldasaurus wrightae
     \----------------------------------------------------------+
                                                                | /--- Isodectes obtusus
                                                                \-+
                                                                  \--- Acroplous vorax

Consensus tree(s) written to treefile:
D:\Documents\HigherEducation\PhD\Pardo\MajorityRuleIslands\PartMajRule\FifthIslandStrict.tre
